Start testing: Oct 06 15:07 EDT
----------------------------------------------------------
1/2 Testing: dummy_test.this_should_pass
1/2 Test: dummy_test.this_should_pass
Command: "/home/sound/pid_controller/build/test/cpp-test" "--gtest_filter=dummy_test.this_should_pass" "--gtest_also_run_disabled_tests"
Directory: /home/sound/pid_controller/build/test
"dummy_test.this_should_pass" start time: Oct 06 15:07 EDT
Output:
----------------------------------------------------------
Note: Google Test filter = dummy_test.this_should_pass
[==========] Running 1 test from 1 test suite.
[----------] Global test environment set-up.
[----------] 1 test from dummy_test
[ RUN      ] dummy_test.this_should_pass
[       OK ] dummy_test.this_should_pass (0 ms)
[----------] 1 test from dummy_test (0 ms total)

[----------] Global test environment tear-down
[==========] 1 test from 1 test suite ran. (0 ms total)
[  PASSED  ] 1 test.
<end of output>
Test time =   0.00 sec
----------------------------------------------------------
Test Passed.
"dummy_test.this_should_pass" end time: Oct 06 15:07 EDT
"dummy_test.this_should_pass" time elapsed: 00:00:00
----------------------------------------------------------

2/2 Testing: dummy_test.this_should_pass_too
2/2 Test: dummy_test.this_should_pass_too
Command: "/home/sound/pid_controller/build/test/cpp-test" "--gtest_filter=dummy_test.this_should_pass_too" "--gtest_also_run_disabled_tests"
Directory: /home/sound/pid_controller/build/test
"dummy_test.this_should_pass_too" start time: Oct 06 15:07 EDT
Output:
----------------------------------------------------------
Note: Google Test filter = dummy_test.this_should_pass_too
[==========] Running 1 test from 1 test suite.
[----------] Global test environment set-up.
[----------] 1 test from dummy_test
[ RUN      ] dummy_test.this_should_pass_too
[       OK ] dummy_test.this_should_pass_too (0 ms)
[----------] 1 test from dummy_test (0 ms total)

[----------] Global test environment tear-down
[==========] 1 test from 1 test suite ran. (0 ms total)
[  PASSED  ] 1 test.
<end of output>
Test time =   0.00 sec
----------------------------------------------------------
Test Passed.
"dummy_test.this_should_pass_too" end time: Oct 06 15:07 EDT
"dummy_test.this_should_pass_too" time elapsed: 00:00:00
----------------------------------------------------------

End testing: Oct 06 15:07 EDT
