Start testing: Oct 06 20:49 EDT
----------------------------------------------------------
Unable to find executable: pid_controller_test_NOT_BUILT
1/1 Testing: pid_controller_test_NOT_BUILT
1/1 Test: pid_controller_test_NOT_BUILT
Command: ""
Directory: /home/sound/pid_controller/build/test
"pid_controller_test_NOT_BUILT" start time: 
Output:
----------------------------------------------------------
<end of output>
Test time =   0.00 sec
----------------------------------------------------------
Test Passed.
"pid_controller_test_NOT_BUILT" end time: Oct 06 20:49 EDT
"pid_controller_test_NOT_BUILT" time elapsed: 00:00:00
----------------------------------------------------------

End testing: Oct 06 20:49 EDT
