TN:
SF:/home/sound/pid_controller/app/PIDcontroller.cpp
FN:10,_ZN13PIDcontrollerC2Edddd
FNDA:8,_ZN13PIDcontrollerC2Edddd
FN:17,_ZN13PIDcontroller17setActualVelocityEd
FNDA:6,_ZN13PIDcontroller17setActualVelocityEd
FN:27,_ZN13PIDcontroller7computeEd
FNDA:6,_ZN13PIDcontroller7computeEd
FN:40,_ZN13PIDcontroller5resetEv
FNDA:2,_ZN13PIDcontroller5resetEv
FN:49,_ZNK13PIDcontroller5getKpEv
FNDA:2,_ZNK13PIDcontroller5getKpEv
FN:57,_ZNK13PIDcontroller5getKiEv
FNDA:2,_ZNK13PIDcontroller5getKiEv
FN:65,_ZNK13PIDcontroller5getKdEv
FNDA:2,_ZNK13PIDcontroller5getKdEv
FN:73,_ZNK13PIDcontroller17getActualVelocityEv
FNDA:2,_ZNK13PIDcontroller17getActualVelocityEv
FN:81,_ZNK13PIDcontroller12getDeltaTimeEv
FNDA:0,_ZNK13PIDcontroller12getDeltaTimeEv
DA:10,8
DA:11,8
DA:17,6
DA:18,6
DA:19,6
DA:27,6
DA:31,6
DA:34,6
DA:40,2
DA:41,2
DA:42,2
DA:43,2
DA:49,2
DA:50,2
DA:57,2
DA:58,2
DA:65,2
DA:66,2
DA:73,2
DA:74,2
DA:81,0
DA:82,0
end_of_record
TN:
SF:/usr/include/c++/11/bits/stl_iterator_base_types.h
FN:238,_ZSt19__iterator_categoryIPcENSt15iterator_traitsIT_E17iterator_categoryERKS2_
FNDA:0,_ZSt19__iterator_categoryIPcENSt15iterator_traitsIT_E17iterator_categoryERKS2_
FN:238,_ZSt19__iterator_categoryIPKcENSt15iterator_traitsIT_E17iterator_categoryERKS3_
FNDA:0,_ZSt19__iterator_categoryIPKcENSt15iterator_traitsIT_E17iterator_categoryERKS3_
DA:238,0
DA:239,0
DA:238,0
DA:239,0
end_of_record
SF:/usr/include/c++/11/bits/stl_iterator_base_funcs.h
FN:98,_ZSt10__distanceIPcENSt15iterator_traitsIT_E15difference_typeES2_S2_St26random_access_iterator_tag
FNDA:0,_ZSt10__distanceIPcENSt15iterator_traitsIT_E15difference_typeES2_S2_St26random_access_iterator_tag
FN:98,_ZSt10__distanceIPKcENSt15iterator_traitsIT_E15difference_typeES3_S3_St26random_access_iterator_tag
FNDA:0,_ZSt10__distanceIPKcENSt15iterator_traitsIT_E15difference_typeES3_S3_St26random_access_iterator_tag
FN:138,_ZSt8distanceIPcENSt15iterator_traitsIT_E15difference_typeES2_S2_
FNDA:0,_ZSt8distanceIPcENSt15iterator_traitsIT_E15difference_typeES2_S2_
FN:138,_ZSt8distanceIPKcENSt15iterator_traitsIT_E15difference_typeES3_S3_
FNDA:0,_ZSt8distanceIPKcENSt15iterator_traitsIT_E15difference_typeES3_S3_
DA:98,0
DA:104,0
DA:98,0
DA:104,0
DA:138,0
DA:141,0
DA:142,0
DA:138,0
DA:141,0
DA:142,0
end_of_record
SF:/home/sound/pid_controller/test/PIDcontroller_test.cpp
FN:5,_ZN34PIDcontrollerTest_TestCompute_TestC2Ev
FNDA:2,_ZN34PIDcontrollerTest_TestCompute_TestC2Ev
FN:5,_ZN34PIDcontrollerTest_TestCompute_Test8TestBodyEv
FNDA:2,_ZN34PIDcontrollerTest_TestCompute_Test8TestBodyEv
FN:5,_ZN34PIDcontrollerTest_TestCompute_TestD0Ev
FNDA:2,_ZN34PIDcontrollerTest_TestCompute_TestD0Ev
FN:5,_ZN34PIDcontrollerTest_TestCompute_TestD2Ev
FNDA:2,_ZN34PIDcontrollerTest_TestCompute_TestD2Ev
FN:15,_ZN41PIDcontrollerTest_TestInitialization_TestC2Ev
FNDA:2,_ZN41PIDcontrollerTest_TestInitialization_TestC2Ev
FN:15,_ZN41PIDcontrollerTest_TestInitialization_Test8TestBodyEv
FNDA:2,_ZN41PIDcontrollerTest_TestInitialization_Test8TestBodyEv
FN:15,_ZN41PIDcontrollerTest_TestInitialization_TestD2Ev
FNDA:2,_ZN41PIDcontrollerTest_TestInitialization_TestD2Ev
FN:15,_ZN41PIDcontrollerTest_TestInitialization_TestD0Ev
FNDA:2,_ZN41PIDcontrollerTest_TestInitialization_TestD0Ev
FN:25,_ZN44PIDcontrollerTest_TestSetActualVelocity_TestD0Ev
FNDA:2,_ZN44PIDcontrollerTest_TestSetActualVelocity_TestD0Ev
FN:25,_ZN44PIDcontrollerTest_TestSetActualVelocity_TestD2Ev
FNDA:2,_ZN44PIDcontrollerTest_TestSetActualVelocity_TestD2Ev
FN:25,_ZN44PIDcontrollerTest_TestSetActualVelocity_Test8TestBodyEv
FNDA:2,_ZN44PIDcontrollerTest_TestSetActualVelocity_Test8TestBodyEv
FN:25,_ZN44PIDcontrollerTest_TestSetActualVelocity_TestC2Ev
FNDA:2,_ZN44PIDcontrollerTest_TestSetActualVelocity_TestC2Ev
FN:34,_ZN32PIDcontrollerTest_TestReset_TestD0Ev
FNDA:2,_ZN32PIDcontrollerTest_TestReset_TestD0Ev
FN:34,_ZN32PIDcontrollerTest_TestReset_TestD2Ev
FNDA:2,_ZN32PIDcontrollerTest_TestReset_TestD2Ev
FN:34,_ZN32PIDcontrollerTest_TestReset_Test8TestBodyEv
FNDA:2,_ZN32PIDcontrollerTest_TestReset_Test8TestBodyEv
FN:34,_ZN32PIDcontrollerTest_TestReset_TestC2Ev
FNDA:2,_ZN32PIDcontrollerTest_TestReset_TestC2Ev
FN:49,main
FNDA:8,main
DA:5,2
DA:5,2
DA:5,2
DA:5,2
DA:6,2
DA:7,2
DA:10,2
DA:11,2
DA:12,2
DA:15,2
DA:15,2
DA:15,2
DA:15,2
DA:16,2
DA:19,2
DA:20,2
DA:21,2
DA:22,2
DA:25,2
DA:25,2
DA:25,2
DA:25,2
DA:26,2
DA:27,2
DA:30,2
DA:31,2
DA:34,2
DA:34,2
DA:34,2
DA:34,2
DA:35,2
DA:38,2
DA:39,2
DA:42,2
DA:45,2
DA:46,2
DA:49,8
DA:50,8
DA:51,8
end_of_record
SF:/usr/include/c++/11/ext/alloc_traits.h
FN:97,_ZN9__gnu_cxx14__alloc_traitsISaIcEcE17_S_select_on_copyERKS1_
FNDA:0,_ZN9__gnu_cxx14__alloc_traitsISaIcEcE17_S_select_on_copyERKS1_
DA:97,0
DA:98,0
end_of_record
SF:/usr/include/c++/11/bits/move.h
FN:104,_ZSt4moveIRPNSt7__cxx1112basic_stringIcSt11char_traitsIcESaIcEEEEONSt16remove_referenceIT_E4typeEOS9_
FNDA:24,_ZSt4moveIRPNSt7__cxx1112basic_stringIcSt11char_traitsIcESaIcEEEEONSt16remove_referenceIT_E4typeEOS9_
FN:104,_ZSt4moveIRPNSt7__cxx1118basic_stringstreamIcSt11char_traitsIcESaIcEEEEONSt16remove_referenceIT_E4typeEOS9_
FNDA:536,_ZSt4moveIRPNSt7__cxx1118basic_stringstreamIcSt11char_traitsIcESaIcEEEEONSt16remove_referenceIT_E4typeEOS9_
FN:104,_ZSt4moveIRSaIcEEONSt16remove_referenceIT_E4typeEOS3_
FNDA:0,_ZSt4moveIRSaIcEEONSt16remove_referenceIT_E4typeEOS3_
DA:104,24
DA:105,24
DA:104,536
DA:105,536
DA:104,0
DA:105,0
end_of_record
SF:/usr/include/c++/11/bits/unique_ptr.h
FN:79,_ZNKSt14default_deleteINSt7__cxx1112basic_stringIcSt11char_traitsIcESaIcEEEEclEPS5_
FNDA:24,_ZNKSt14default_deleteINSt7__cxx1112basic_stringIcSt11char_traitsIcESaIcEEEEclEPS5_
FN:79,_ZNKSt14default_deleteINSt7__cxx1118basic_stringstreamIcSt11char_traitsIcESaIcEEEEclEPS5_
FNDA:536,_ZNKSt14default_deleteINSt7__cxx1118basic_stringstreamIcSt11char_traitsIcESaIcEEEEclEPS5_
FN:172,_ZNSt15__uniq_ptr_implINSt7__cxx1112basic_stringIcSt11char_traitsIcESaIcEEESt14default_deleteIS5_EE6_M_ptrEv
FNDA:108,_ZNSt15__uniq_ptr_implINSt7__cxx1112basic_stringIcSt11char_traitsIcESaIcEEESt14default_deleteIS5_EE6_M_ptrEv
FN:172,_ZNSt15__uniq_ptr_implINSt7__cxx1118basic_stringstreamIcSt11char_traitsIcESaIcEEESt14default_deleteIS5_EE6_M_ptrEv
FNDA:1072,_ZNSt15__uniq_ptr_implINSt7__cxx1118basic_stringstreamIcSt11char_traitsIcESaIcEEESt14default_deleteIS5_EE6_M_ptrEv
FN:173,_ZNKSt15__uniq_ptr_implINSt7__cxx1112basic_stringIcSt11char_traitsIcESaIcEEESt14default_deleteIS5_EE6_M_ptrEv
FNDA:72,_ZNKSt15__uniq_ptr_implINSt7__cxx1112basic_stringIcSt11char_traitsIcESaIcEEESt14default_deleteIS5_EE6_M_ptrEv
FN:174,_ZNSt15__uniq_ptr_implINSt7__cxx1118basic_stringstreamIcSt11char_traitsIcESaIcEEESt14default_deleteIS5_EE10_M_deleterEv
FNDA:536,_ZNSt15__uniq_ptr_implINSt7__cxx1118basic_stringstreamIcSt11char_traitsIcESaIcEEESt14default_deleteIS5_EE10_M_deleterEv
FN:174,_ZNSt15__uniq_ptr_implINSt7__cxx1112basic_stringIcSt11char_traitsIcESaIcEEESt14default_deleteIS5_EE10_M_deleterEv
FNDA:48,_ZNSt15__uniq_ptr_implINSt7__cxx1112basic_stringIcSt11char_traitsIcESaIcEEESt14default_deleteIS5_EE10_M_deleterEv
FN:355,_ZNSt10unique_ptrINSt7__cxx1112basic_stringIcSt11char_traitsIcESaIcEEESt14default_deleteIS5_EED2Ev
FNDA:36,_ZNSt10unique_ptrINSt7__cxx1112basic_stringIcSt11char_traitsIcESaIcEEESt14default_deleteIS5_EED2Ev
FN:355,_ZNSt10unique_ptrINSt7__cxx1118basic_stringstreamIcSt11char_traitsIcESaIcEEESt14default_deleteIS5_EED2Ev
FNDA:536,_ZNSt10unique_ptrINSt7__cxx1118basic_stringstreamIcSt11char_traitsIcESaIcEEESt14default_deleteIS5_EED2Ev
FN:413,_ZNKSt10unique_ptrINSt7__cxx1112basic_stringIcSt11char_traitsIcESaIcEEESt14default_deleteIS5_EEptEv
FNDA:24,_ZNKSt10unique_ptrINSt7__cxx1112basic_stringIcSt11char_traitsIcESaIcEEESt14default_deleteIS5_EEptEv
FN:421,_ZNKSt10unique_ptrINSt7__cxx1112basic_stringIcSt11char_traitsIcESaIcEEESt14default_deleteIS5_EE3getEv
FNDA:72,_ZNKSt10unique_ptrINSt7__cxx1112basic_stringIcSt11char_traitsIcESaIcEEESt14default_deleteIS5_EE3getEv
FN:426,_ZNSt10unique_ptrINSt7__cxx1112basic_stringIcSt11char_traitsIcESaIcEEESt14default_deleteIS5_EE11get_deleterEv
FNDA:24,_ZNSt10unique_ptrINSt7__cxx1112basic_stringIcSt11char_traitsIcESaIcEEESt14default_deleteIS5_EE11get_deleterEv
FN:426,_ZNSt10unique_ptrINSt7__cxx1118basic_stringstreamIcSt11char_traitsIcESaIcEEESt14default_deleteIS5_EE11get_deleterEv
FNDA:536,_ZNSt10unique_ptrINSt7__cxx1118basic_stringstreamIcSt11char_traitsIcESaIcEEESt14default_deleteIS5_EE11get_deleterEv
FN:435,_ZNKSt10unique_ptrINSt7__cxx1112basic_stringIcSt11char_traitsIcESaIcEEESt14default_deleteIS5_EEcvbEv
FNDA:36,_ZNKSt10unique_ptrINSt7__cxx1112basic_stringIcSt11char_traitsIcESaIcEEESt14default_deleteIS5_EEcvbEv
FN:781,_ZStneINSt7__cxx1112basic_stringIcSt11char_traitsIcESaIcEEESt14default_deleteIS5_EEbRKSt10unique_ptrIT_T0_EDn
FNDA:24,_ZStneINSt7__cxx1112basic_stringIcSt11char_traitsIcESaIcEEESt14default_deleteIS5_EEbRKSt10unique_ptrIT_T0_EDn
DA:79,24
DA:85,24
DA:86,24
DA:79,536
DA:85,536
DA:86,536
DA:172,108
DA:172,1072
DA:173,72
DA:174,536
DA:174,48
DA:355,36
DA:359,36
DA:360,36
DA:361,24
DA:362,36
DA:363,36
DA:355,536
DA:359,536
DA:360,536
DA:361,536
DA:362,536
DA:363,536
DA:413,24
DA:416,24
DA:421,72
DA:422,72
DA:426,24
DA:427,24
DA:426,536
DA:427,536
DA:435,36
DA:436,36
DA:781,24
DA:782,24
end_of_record
SF:/usr/include/c++/11/bits/basic_string.h
FN:251,_ZNSt7__cxx1112basic_stringIcSt11char_traitsIcESaIcEE16_M_construct_auxIPcEEvT_S7_St12__false_type
FNDA:0,_ZNSt7__cxx1112basic_stringIcSt11char_traitsIcESaIcEE16_M_construct_auxIPcEEvT_S7_St12__false_type
FN:271,_ZNSt7__cxx1112basic_stringIcSt11char_traitsIcESaIcEE12_M_constructIPcEEvT_S7_
FNDA:0,_ZNSt7__cxx1112basic_stringIcSt11char_traitsIcESaIcEE12_M_constructIPcEEvT_S7_
DA:251,0
DA:255,0
DA:256,0
DA:271,0
DA:274,0
DA:275,0
end_of_record
SF:/usr/include/c++/11/ext/new_allocator.h
FN:79,_ZN9__gnu_cxx13new_allocatorIcEC2Ev
FNDA:0,_ZN9__gnu_cxx13new_allocatorIcEC2Ev
FN:82,_ZN9__gnu_cxx13new_allocatorIcEC2ERKS1_
FNDA:0,_ZN9__gnu_cxx13new_allocatorIcEC2ERKS1_
FN:89,_ZN9__gnu_cxx13new_allocatorIcED2Ev
FNDA:0,_ZN9__gnu_cxx13new_allocatorIcED2Ev
DA:79,0
DA:82,0
DA:89,0
end_of_record
SF:/usr/include/c++/11/ext/type_traits.h
FN:152,_ZN9__gnu_cxx17__is_null_pointerIcEEbPT_
FNDA:0,_ZN9__gnu_cxx17__is_null_pointerIcEEbPT_
FN:152,_ZN9__gnu_cxx17__is_null_pointerIKcEEbPT_
FNDA:0,_ZN9__gnu_cxx17__is_null_pointerIKcEEbPT_
DA:152,0
DA:153,0
DA:152,0
DA:153,0
end_of_record
SF:/home/sound/pid_controller/build/_deps/googletest-src/googletest/include/gtest/internal/gtest-port.h
FN:1042,_ZN7testing8internal8GTestLog9GetStreamEv
FNDA:0,_ZN7testing8internal8GTestLog9GetStreamEv
DA:1042,0
end_of_record
SF:/usr/include/c++/11/bits/ios_base.h
FN:719,_ZNKSt8ios_base9precisionEv
FNDA:24,_ZNKSt8ios_base9precisionEv
FN:728,_ZNSt8ios_base9precisionEl
FNDA:48,_ZNSt8ios_base9precisionEl
DA:719,24
DA:720,24
DA:728,48
DA:730,48
DA:731,48
DA:732,48
end_of_record
SF:/home/sound/pid_controller/build/_deps/googletest-src/googletest/include/gtest/gtest-assertion-result.h
FN:174,_ZNK7testing15AssertionResultcvbEv
FNDA:12,_ZNK7testing15AssertionResultcvbEv
FN:183,_ZNK7testing15AssertionResult7messageEv
FNDA:12,_ZNK7testing15AssertionResult7messageEv
FN:187,_ZNK7testing15AssertionResult15failure_messageEv
FNDA:12,_ZNK7testing15AssertionResult15failure_messageEv
DA:174,12
DA:183,12
DA:184,12
DA:187,12
end_of_record
SF:/home/sound/pid_controller/build/_deps/googletest-src/googletest/include/gtest/gtest-message.h
end_of_record
SF:/home/sound/pid_controller/build/_deps/googletest-src/googletest/include/gtest/gtest-printers.h
FN:357,_ZN7testing8internal19FormatForComparisonIddE6FormatB5cxx11ERKd
FNDA:24,_ZN7testing8internal19FormatForComparisonIddE6FormatB5cxx11ERKd
FN:437,_ZN7testing8internal33FormatForComparisonFailureMessageIddEENSt7__cxx1112basic_stringIcSt11char_traitsIcESaIcEEERKT_RKT0_
FNDA:24,_ZN7testing8internal33FormatForComparisonFailureMessageIddEENSt7__cxx1112basic_stringIcSt11char_traitsIcESaIcEEERKT_RKT0_
FN:529,_ZN7testing8internal21AppropriateResolutionIdEEiT_
FNDA:24,_ZN7testing8internal21AppropriateResolutionIdEEiT_
FN:586,_ZN7testing8internal7PrintToEdPSo
FNDA:24,_ZN7testing8internal7PrintToEdPSo
FN:799,_ZN7testing8internal16UniversalPrinterIdE5PrintERKdPSo
FNDA:24,_ZN7testing8internal16UniversalPrinterIdE5PrintERKdPSo
FN:989,_ZN7testing8internal21UniversalTersePrinterIdE5PrintERKdPSo
FNDA:24,_ZN7testing8internal21UniversalTersePrinterIdE5PrintERKdPSo
FN:1108,_ZN7testing8internal14UniversalPrintIdEEvRKT_PSo
FNDA:24,_ZN7testing8internal14UniversalPrintIdEEvRKT_PSo
FN:1148,_ZN7testing13PrintToStringIdEENSt7__cxx1112basic_stringIcSt11char_traitsIcESaIcEEERKT_
FNDA:24,_ZN7testing13PrintToStringIdEENSt7__cxx1112basic_stringIcSt11char_traitsIcESaIcEEERKT_
DA:357,24
DA:358,24
DA:437,24
DA:439,24
DA:529,24
DA:530,24
DA:531,24
DA:533,24
DA:534,24
DA:535,24
DA:536,0
DA:537,24
DA:538,0
DA:539,24
DA:540,0
DA:541,24
DA:542,2
DA:543,22
DA:544,6
DA:545,16
DA:546,6
DA:547,10
DA:548,6
DA:549,4
DA:550,0
DA:551,4
DA:552,0
DA:553,4
DA:554,0
DA:556,24
DA:559,24
DA:560,0
DA:561,0
DA:562,0
DA:563,0
DA:564,0
DA:565,0
DA:566,0
DA:567,0
DA:568,0
DA:569,0
DA:571,0
DA:574,0
DA:576,0
DA:586,24
DA:587,24
DA:588,24
DA:589,24
DA:590,24
DA:591,24
DA:799,24
DA:808,24
DA:809,24
DA:989,24
DA:990,24
DA:991,24
DA:1108,24
DA:1112,24
DA:1113,24
DA:1148,24
DA:1149,24
DA:1150,24
DA:1151,48
DA:1152,24
end_of_record
SF:/usr/include/c++/11/bits/alloc_traits.h
FN:562,_ZNSt16allocator_traitsISaIcEE37select_on_container_copy_constructionERKS0_
FNDA:0,_ZNSt16allocator_traitsISaIcEE37select_on_container_copy_constructionERKS0_
DA:562,0
DA:563,0
end_of_record
SF:/home/sound/pid_controller/build/_deps/googletest-src/googletest/include/gtest/gtest.h
FN:256,_ZN7testing4Test14SetUpTestSuiteEv
FNDA:0,_ZN7testing4Test14SetUpTestSuiteEv
FN:264,_ZN7testing4Test17TearDownTestSuiteEv
FNDA:0,_ZN7testing4Test17TearDownTestSuiteEv
FN:269,_ZN7testing4Test16TearDownTestCaseEv
FNDA:0,_ZN7testing4Test16TearDownTestCaseEv
FN:270,_ZN7testing4Test13SetUpTestCaseEv
FNDA:0,_ZN7testing4Test13SetUpTestCaseEv
FN:357,_ZN7testing4Test5SetupEv
FNDA:0,_ZN7testing4Test5SetupEv
FN:1359,_ZN7testing8internal18CmpHelperEQFailureIddEENS_15AssertionResultEPKcS4_RKT_RKT0_
FNDA:12,_ZN7testing8internal18CmpHelperEQFailureIddEENS_15AssertionResultEPKcS4_RKT_RKT0_
FN:1376,_ZN7testing8internal11CmpHelperEQIddEENS_15AssertionResultEPKcS4_RKT_RKT0_
FNDA:12,_ZN7testing8internal11CmpHelperEQIddEENS_15AssertionResultEPKcS4_RKT_RKT0_
FN:1395,_ZN7testing8internal8EqHelper7CompareIddLPv0EEENS_15AssertionResultEPKcS6_RKT_RKT0_
FNDA:12,_ZN7testing8internal8EqHelper7CompareIddLPv0EEENS_15AssertionResultEPKcS6_RKT_RKT0_
FN:2317,_Z13RUN_ALL_TESTSv
FNDA:8,_Z13RUN_ALL_TESTSv
DA:256,0
DA:264,0
DA:269,0
DA:270,0
DA:357,0
DA:1359,12
DA:1364,12
DA:1376,12
DA:1379,12
DA:1380,0
DA:1383,12
DA:1395,12
DA:1398,12
DA:2317,8
end_of_record
SF:/usr/include/c++/11/bits/char_traits.h
FN:393,_ZNSt11char_traitsIcE6lengthEPKc
FNDA:0,_ZNSt11char_traitsIcE6lengthEPKc
DA:393,0
DA:399,0
end_of_record
SF:/usr/include/c++/11/iostream
end_of_record
SF:/usr/include/c++/11/bits/basic_string.tcc
FN:206,_ZNSt7__cxx1112basic_stringIcSt11char_traitsIcESaIcEE12_M_constructIPcEEvT_S7_St20forward_iterator_tag
FNDA:0,_ZNSt7__cxx1112basic_stringIcSt11char_traitsIcESaIcEE12_M_constructIPcEEvT_S7_St20forward_iterator_tag
FN:206,_ZNSt7__cxx1112basic_stringIcSt11char_traitsIcESaIcEE12_M_constructIPKcEEvT_S8_St20forward_iterator_tag
FNDA:0,_ZNSt7__cxx1112basic_stringIcSt11char_traitsIcESaIcEE12_M_constructIPKcEEvT_S8_St20forward_iterator_tag
DA:206,0
DA:211,0
DA:212,0
DA:215,0
DA:217,0
DA:219,0
DA:220,0
DA:225,0
DA:226,0
DA:228,0
DA:229,0
DA:232,0
DA:233,0
DA:206,0
DA:211,0
DA:212,0
DA:215,0
DA:217,0
DA:219,0
DA:220,0
DA:225,0
DA:226,0
DA:228,0
DA:229,0
DA:232,0
DA:233,0
end_of_record
SF:/home/sound/pid_controller/build/_deps/googletest-src/googletest/include/gtest/internal/gtest-internal.h
FN:438,_ZN7testing8internal15TestFactoryBaseD0Ev
FNDA:0,_ZN7testing8internal15TestFactoryBaseD0Ev
FN:438,_ZN7testing8internal15TestFactoryBaseD2Ev
FNDA:32,_ZN7testing8internal15TestFactoryBaseD2Ev
FN:445,_ZN7testing8internal15TestFactoryBaseC2Ev
FNDA:32,_ZN7testing8internal15TestFactoryBaseC2Ev
FN:457,_ZN7testing8internal15TestFactoryImplI34PIDcontrollerTest_TestCompute_TestE10CreateTestEv
FNDA:2,_ZN7testing8internal15TestFactoryImplI34PIDcontrollerTest_TestCompute_TestE10CreateTestEv
FN:457,_ZN7testing8internal15TestFactoryImplI41PIDcontrollerTest_TestInitialization_TestE10CreateTestEv
FNDA:2,_ZN7testing8internal15TestFactoryImplI41PIDcontrollerTest_TestInitialization_TestE10CreateTestEv
FN:457,_ZN7testing8internal15TestFactoryImplI44PIDcontrollerTest_TestSetActualVelocity_TestE10CreateTestEv
FNDA:2,_ZN7testing8internal15TestFactoryImplI44PIDcontrollerTest_TestSetActualVelocity_TestE10CreateTestEv
FN:457,_ZN7testing8internal15TestFactoryImplI32PIDcontrollerTest_TestReset_TestE10CreateTestEv
FNDA:2,_ZN7testing8internal15TestFactoryImplI32PIDcontrollerTest_TestReset_TestE10CreateTestEv
FN:478,_ZN7testing8internal12CodeLocationC2ERKNSt7__cxx1112basic_stringIcSt11char_traitsIcESaIcEEEi
FNDA:32,_ZN7testing8internal12CodeLocationC2ERKNSt7__cxx1112basic_stringIcSt11char_traitsIcESaIcEEEi
FN:491,_ZN7testing8internal19GetNotDefaultOrNullEPFvvES2_
FNDA:128,_ZN7testing8internal19GetNotDefaultOrNullEPFvvES2_
FN:506,_ZN7testing8internal16SuiteApiResolverINS_4TestEE19GetSetUpCaseOrSuiteEPKci
FNDA:32,_ZN7testing8internal16SuiteApiResolverINS_4TestEE19GetSetUpCaseOrSuiteEPKci
FN:527,_ZN7testing8internal16SuiteApiResolverINS_4TestEE22GetTearDownCaseOrSuiteEPKci
FNDA:32,_ZN7testing8internal16SuiteApiResolverINS_4TestEE22GetTearDownCaseOrSuiteEPKci
DA:438,0
DA:438,32
DA:445,32
DA:457,2
DA:457,2
DA:457,2
DA:457,2
DA:478,32
DA:479,32
DA:491,128
DA:493,128
DA:506,32
DA:510,32
DA:512,32
DA:514,32
DA:517,0
DA:519,32
DA:527,32
DA:531,32
DA:533,32
DA:535,32
DA:538,0
DA:540,32
end_of_record
SF:/usr/include/c++/11/tuple
FN:124,_ZNSt10_Head_baseILm1ESt14default_deleteINSt7__cxx1118basic_stringstreamIcSt11char_traitsIcESaIcEEEELb1EE7_M_headERS8_
FNDA:536,_ZNSt10_Head_baseILm1ESt14default_deleteINSt7__cxx1118basic_stringstreamIcSt11char_traitsIcESaIcEEEELb1EE7_M_headERS8_
FN:124,_ZNSt10_Head_baseILm1ESt14default_deleteINSt7__cxx1112basic_stringIcSt11char_traitsIcESaIcEEEELb1EE7_M_headERS8_
FNDA:48,_ZNSt10_Head_baseILm1ESt14default_deleteINSt7__cxx1112basic_stringIcSt11char_traitsIcESaIcEEEELb1EE7_M_headERS8_
FN:233,_ZNSt10_Head_baseILm0EPNSt7__cxx1112basic_stringIcSt11char_traitsIcESaIcEEELb0EE7_M_headERS7_
FNDA:108,_ZNSt10_Head_baseILm0EPNSt7__cxx1112basic_stringIcSt11char_traitsIcESaIcEEELb0EE7_M_headERS7_
FN:233,_ZNSt10_Head_baseILm0EPNSt7__cxx1118basic_stringstreamIcSt11char_traitsIcESaIcEEELb0EE7_M_headERS7_
FNDA:1072,_ZNSt10_Head_baseILm0EPNSt7__cxx1118basic_stringstreamIcSt11char_traitsIcESaIcEEELb0EE7_M_headERS7_
FN:236,_ZNSt10_Head_baseILm0EPNSt7__cxx1112basic_stringIcSt11char_traitsIcESaIcEEELb0EE7_M_headERKS7_
FNDA:72,_ZNSt10_Head_baseILm0EPNSt7__cxx1112basic_stringIcSt11char_traitsIcESaIcEEELb0EE7_M_headERKS7_
FN:268,_ZNSt11_Tuple_implILm0EJPNSt7__cxx1112basic_stringIcSt11char_traitsIcESaIcEEESt14default_deleteIS5_EEE7_M_headERS9_
FNDA:108,_ZNSt11_Tuple_implILm0EJPNSt7__cxx1112basic_stringIcSt11char_traitsIcESaIcEEESt14default_deleteIS5_EEE7_M_headERS9_
FN:268,_ZNSt11_Tuple_implILm0EJPNSt7__cxx1118basic_stringstreamIcSt11char_traitsIcESaIcEEESt14default_deleteIS5_EEE7_M_headERS9_
FNDA:1072,_ZNSt11_Tuple_implILm0EJPNSt7__cxx1118basic_stringstreamIcSt11char_traitsIcESaIcEEESt14default_deleteIS5_EEE7_M_headERS9_
FN:271,_ZNSt11_Tuple_implILm0EJPNSt7__cxx1112basic_stringIcSt11char_traitsIcESaIcEEESt14default_deleteIS5_EEE7_M_headERKS9_
FNDA:72,_ZNSt11_Tuple_implILm0EJPNSt7__cxx1112basic_stringIcSt11char_traitsIcESaIcEEESt14default_deleteIS5_EEE7_M_headERKS9_
FN:424,_ZNSt11_Tuple_implILm1EJSt14default_deleteINSt7__cxx1118basic_stringstreamIcSt11char_traitsIcESaIcEEEEEE7_M_headERS8_
FNDA:536,_ZNSt11_Tuple_implILm1EJSt14default_deleteINSt7__cxx1118basic_stringstreamIcSt11char_traitsIcESaIcEEEEEE7_M_headERS8_
FN:424,_ZNSt11_Tuple_implILm1EJSt14default_deleteINSt7__cxx1112basic_stringIcSt11char_traitsIcESaIcEEEEEE7_M_headERS8_
FNDA:48,_ZNSt11_Tuple_implILm1EJSt14default_deleteINSt7__cxx1112basic_stringIcSt11char_traitsIcESaIcEEEEEE7_M_headERS8_
FN:1377,_ZSt12__get_helperILm1ESt14default_deleteINSt7__cxx1118basic_stringstreamIcSt11char_traitsIcESaIcEEEEJEERT0_RSt11_Tuple_implIXT_EJS8_DpT1_EE
FNDA:536,_ZSt12__get_helperILm1ESt14default_deleteINSt7__cxx1118basic_stringstreamIcSt11char_traitsIcESaIcEEEEJEERT0_RSt11_Tuple_implIXT_EJS8_DpT1_EE
FN:1377,_ZSt12__get_helperILm0EPNSt7__cxx1118basic_stringstreamIcSt11char_traitsIcESaIcEEEJSt14default_deleteIS5_EEERT0_RSt11_Tuple_implIXT_EJS9_DpT1_EE
FNDA:1072,_ZSt12__get_helperILm0EPNSt7__cxx1118basic_stringstreamIcSt11char_traitsIcESaIcEEEJSt14default_deleteIS5_EEERT0_RSt11_Tuple_implIXT_EJS9_DpT1_EE
FN:1377,_ZSt12__get_helperILm0EPNSt7__cxx1112basic_stringIcSt11char_traitsIcESaIcEEEJSt14default_deleteIS5_EEERT0_RSt11_Tuple_implIXT_EJS9_DpT1_EE
FNDA:108,_ZSt12__get_helperILm0EPNSt7__cxx1112basic_stringIcSt11char_traitsIcESaIcEEEJSt14default_deleteIS5_EEERT0_RSt11_Tuple_implIXT_EJS9_DpT1_EE
FN:1377,_ZSt12__get_helperILm1ESt14default_deleteINSt7__cxx1112basic_stringIcSt11char_traitsIcESaIcEEEEJEERT0_RSt11_Tuple_implIXT_EJS8_DpT1_EE
FNDA:48,_ZSt12__get_helperILm1ESt14default_deleteINSt7__cxx1112basic_stringIcSt11char_traitsIcESaIcEEEEJEERT0_RSt11_Tuple_implIXT_EJS8_DpT1_EE
FN:1382,_ZSt12__get_helperILm0EPNSt7__cxx1112basic_stringIcSt11char_traitsIcESaIcEEEJSt14default_deleteIS5_EEERKT0_RKSt11_Tuple_implIXT_EJS9_DpT1_EE
FNDA:72,_ZSt12__get_helperILm0EPNSt7__cxx1112basic_stringIcSt11char_traitsIcESaIcEEEJSt14default_deleteIS5_EEERKT0_RKSt11_Tuple_implIXT_EJS9_DpT1_EE
FN:1393,_ZSt3getILm1EJPNSt7__cxx1118basic_stringstreamIcSt11char_traitsIcESaIcEEESt14default_deleteIS5_EEERNSt13tuple_elementIXT_ESt5tupleIJDpT0_EEE4typeERSD_
FNDA:536,_ZSt3getILm1EJPNSt7__cxx1118basic_stringstreamIcSt11char_traitsIcESaIcEEESt14default_deleteIS5_EEERNSt13tuple_elementIXT_ESt5tupleIJDpT0_EEE4typeERSD_
FN:1393,_ZSt3getILm1EJPNSt7__cxx1112basic_stringIcSt11char_traitsIcESaIcEEESt14default_deleteIS5_EEERNSt13tuple_elementIXT_ESt5tupleIJDpT0_EEE4typeERSD_
FNDA:48,_ZSt3getILm1EJPNSt7__cxx1112basic_stringIcSt11char_traitsIcESaIcEEESt14default_deleteIS5_EEERNSt13tuple_elementIXT_ESt5tupleIJDpT0_EEE4typeERSD_
FN:1393,_ZSt3getILm0EJPNSt7__cxx1112basic_stringIcSt11char_traitsIcESaIcEEESt14default_deleteIS5_EEERNSt13tuple_elementIXT_ESt5tupleIJDpT0_EEE4typeERSD_
FNDA:108,_ZSt3getILm0EJPNSt7__cxx1112basic_stringIcSt11char_traitsIcESaIcEEESt14default_deleteIS5_EEERNSt13tuple_elementIXT_ESt5tupleIJDpT0_EEE4typeERSD_
FN:1393,_ZSt3getILm0EJPNSt7__cxx1118basic_stringstreamIcSt11char_traitsIcESaIcEEESt14default_deleteIS5_EEERNSt13tuple_elementIXT_ESt5tupleIJDpT0_EEE4typeERSD_
FNDA:1072,_ZSt3getILm0EJPNSt7__cxx1118basic_stringstreamIcSt11char_traitsIcESaIcEEESt14default_deleteIS5_EEERNSt13tuple_elementIXT_ESt5tupleIJDpT0_EEE4typeERSD_
FN:1399,_ZSt3getILm0EJPNSt7__cxx1112basic_stringIcSt11char_traitsIcESaIcEEESt14default_deleteIS5_EEERKNSt13tuple_elementIXT_ESt5tupleIJDpT0_EEE4typeERKSD_
FNDA:72,_ZSt3getILm0EJPNSt7__cxx1112basic_stringIcSt11char_traitsIcESaIcEEESt14default_deleteIS5_EEERKNSt13tuple_elementIXT_ESt5tupleIJDpT0_EEE4typeERKSD_
DA:124,536
DA:124,48
DA:233,108
DA:233,1072
DA:236,72
DA:268,108
DA:268,1072
DA:271,72
DA:424,536
DA:424,48
DA:1377,536
DA:1378,536
DA:1377,48
DA:1378,48
DA:1377,108
DA:1378,108
DA:1377,1072
DA:1378,1072
DA:1382,72
DA:1383,72
DA:1393,536
DA:1394,536
DA:1393,48
DA:1394,48
DA:1393,108
DA:1394,108
DA:1393,1072
DA:1394,1072
DA:1399,72
DA:1400,72
end_of_record
