TN:
SF:/home/sound/pid_controller/build/_deps/googletest-src/googletest/include/gtest/gtest-assertion-result.h
FN:174,_ZNK7testing15AssertionResultcvbEv
FN:183,_ZNK7testing15AssertionResult7messageEv
FN:187,_ZNK7testing15AssertionResult15failure_messageEv
FNDA:4,_ZNK7testing15AssertionResultcvbEv
FNDA:0,_ZNK7testing15AssertionResult7messageEv
FNDA:0,_ZNK7testing15AssertionResult15failure_messageEv
FNF:3
FNH:1
DA:174,4
DA:183,0
DA:184,0
DA:187,0
LF:4
LH:1
end_of_record
TN:
SF:/home/sound/pid_controller/build/_deps/googletest-src/googletest/include/gtest/gtest-printers.h
FN:221,_ZN7testing8internal52internal_stream_operator_without_lexical_name_lookup13StreamPrinter10PrintValueIivEEDTcvvlsdefp0_fp_ERKT_PSo
FN:326,_ZN7testing8internal17PrintWithFallbackIiEEvRKT_PSo
FN:357,_ZN7testing8internal19FormatForComparisonIiiE6FormatB5cxx11ERKi
FN:437,_ZN7testing8internal33FormatForComparisonFailureMessageIiiEENSt7__cxx1112basic_stringIcSt11char_traitsIcESaIcEEERKT_RKT0_
FN:464,_ZN7testing8internal7PrintToIiEEvRKT_PSo
FN:799,_ZN7testing8internal16UniversalPrinterIiE5PrintERKiPSo
FN:989,_ZN7testing8internal21UniversalTersePrinterIiE5PrintERKiPSo
FN:1108,_ZN7testing8internal14UniversalPrintIiEEvRKT_PSo
FN:1148,_ZN7testing13PrintToStringIiEENSt7__cxx1112basic_stringIcSt11char_traitsIcESaIcEEERKT_
FNDA:0,_ZN7testing8internal21UniversalTersePrinterIiE5PrintERKiPSo
FNDA:0,_ZN7testing8internal14UniversalPrintIiEEvRKT_PSo
FNDA:0,_ZN7testing8internal19FormatForComparisonIiiE6FormatB5cxx11ERKi
FNDA:0,_ZN7testing8internal16UniversalPrinterIiE5PrintERKiPSo
FNDA:0,_ZN7testing8internal17PrintWithFallbackIiEEvRKT_PSo
FNDA:0,_ZN7testing8internal52internal_stream_operator_without_lexical_name_lookup13StreamPrinter10PrintValueIivEEDTcvvlsdefp0_fp_ERKT_PSo
FNDA:0,_ZN7testing13PrintToStringIiEENSt7__cxx1112basic_stringIcSt11char_traitsIcESaIcEEERKT_
FNDA:0,_ZN7testing8internal7PrintToIiEEvRKT_PSo
FNDA:0,_ZN7testing8internal33FormatForComparisonFailureMessageIiiEENSt7__cxx1112basic_stringIcSt11char_traitsIcESaIcEEERKT_RKT0_
FNF:9
FNH:0
DA:221,0
DA:225,0
DA:226,0
DA:326,0
DA:336,0
DA:337,0
DA:357,0
DA:358,0
DA:437,0
DA:439,0
DA:464,0
DA:465,0
DA:466,0
DA:799,0
DA:808,0
DA:809,0
DA:989,0
DA:990,0
DA:991,0
DA:1108,0
DA:1112,0
DA:1113,0
DA:1148,0
DA:1149,0
DA:1150,0
DA:1151,0
DA:1152,0
LF:27
LH:0
end_of_record
TN:
SF:/home/sound/pid_controller/build/_deps/googletest-src/googletest/include/gtest/gtest.h
FN:256,_ZN7testing4Test14SetUpTestSuiteEv
FN:264,_ZN7testing4Test17TearDownTestSuiteEv
FN:269,_ZN7testing4Test16TearDownTestCaseEv
FN:270,_ZN7testing4Test13SetUpTestCaseEv
FN:357,_ZN7testing4Test5SetupEv
FN:1359,_ZN7testing8internal18CmpHelperEQFailureIiiEENS_15AssertionResultEPKcS4_RKT_RKT0_
FN:1376,_ZN7testing8internal11CmpHelperEQIiiEENS_15AssertionResultEPKcS4_RKT_RKT0_
FN:1395,_ZN7testing8internal8EqHelper7CompareIiiLPv0EEENS_15AssertionResultEPKcS6_RKT_RKT0_
FN:2317,_Z13RUN_ALL_TESTSv
FNDA:0,_ZN7testing8internal18CmpHelperEQFailureIiiEENS_15AssertionResultEPKcS4_RKT_RKT0_
FNDA:0,_ZN7testing4Test16TearDownTestCaseEv
FNDA:0,_ZN7testing4Test5SetupEv
FNDA:4,_ZN7testing8internal8EqHelper7CompareIiiLPv0EEENS_15AssertionResultEPKcS6_RKT_RKT0_
FNDA:0,_ZN7testing4Test14SetUpTestSuiteEv
FNDA:0,_ZN7testing4Test17TearDownTestSuiteEv
FNDA:4,_ZN7testing8internal11CmpHelperEQIiiEENS_15AssertionResultEPKcS4_RKT_RKT0_
FNDA:0,_ZN7testing4Test13SetUpTestCaseEv
FNDA:4,_Z13RUN_ALL_TESTSv
FNF:9
FNH:3
DA:256,0
DA:264,0
DA:269,0
DA:270,0
DA:357,0
DA:1359,0
DA:1364,0
DA:1376,4
DA:1379,4
DA:1380,4
DA:1383,0
DA:1395,4
DA:1398,4
DA:2317,4
LF:14
LH:6
end_of_record
TN:
SF:/home/sound/pid_controller/build/_deps/googletest-src/googletest/include/gtest/internal/gtest-internal.h
FN:438,_ZN7testing8internal15TestFactoryBaseD0Ev
FN:438,_ZN7testing8internal15TestFactoryBaseD2Ev
FN:445,_ZN7testing8internal15TestFactoryBaseC2Ev
FN:457,_ZN7testing8internal15TestFactoryImplI32dummy_test_this_should_pass_TestE10CreateTestEv
FN:457,_ZN7testing8internal15TestFactoryImplI36dummy_test_this_should_pass_too_TestE10CreateTestEv
FN:478,_ZN7testing8internal12CodeLocationC2ERKNSt7__cxx1112basic_stringIcSt11char_traitsIcESaIcEEEi
FN:491,_ZN7testing8internal19GetNotDefaultOrNullEPFvvES2_
FN:506,_ZN7testing8internal16SuiteApiResolverINS_4TestEE19GetSetUpCaseOrSuiteEPKci
FN:527,_ZN7testing8internal16SuiteApiResolverINS_4TestEE22GetTearDownCaseOrSuiteEPKci
FNDA:8,_ZN7testing8internal16SuiteApiResolverINS_4TestEE19GetSetUpCaseOrSuiteEPKci
FNDA:8,_ZN7testing8internal12CodeLocationC2ERKNSt7__cxx1112basic_stringIcSt11char_traitsIcESaIcEEEi
FNDA:8,_ZN7testing8internal16SuiteApiResolverINS_4TestEE22GetTearDownCaseOrSuiteEPKci
FNDA:32,_ZN7testing8internal19GetNotDefaultOrNullEPFvvES2_
FNDA:8,_ZN7testing8internal15TestFactoryBaseD2Ev
FNDA:2,_ZN7testing8internal15TestFactoryImplI36dummy_test_this_should_pass_too_TestE10CreateTestEv
FNDA:2,_ZN7testing8internal15TestFactoryImplI32dummy_test_this_should_pass_TestE10CreateTestEv
FNDA:0,_ZN7testing8internal15TestFactoryBaseD0Ev
FNDA:8,_ZN7testing8internal15TestFactoryBaseC2Ev
FNF:9
FNH:8
DA:438,8
DA:445,8
DA:457,4
DA:478,8
DA:479,8
DA:491,32
DA:493,32
DA:506,8
DA:510,8
DA:512,8
DA:514,8
DA:517,0
DA:519,8
DA:527,8
DA:531,8
DA:533,8
DA:535,8
DA:538,0
DA:540,8
LF:19
LH:17
end_of_record
TN:
SF:/home/sound/pid_controller/build/_deps/googletest-src/googletest/include/gtest/internal/gtest-port.h
FN:1042,_ZN7testing8internal8GTestLog9GetStreamEv
FNDA:0,_ZN7testing8internal8GTestLog9GetStreamEv
FNF:1
FNH:0
DA:1042,0
LF:1
LH:0
end_of_record
TN:
SF:/home/sound/pid_controller/include/lib.hpp
FN:5,_Z5dummyv
FNDA:0,_Z5dummyv
FNF:1
FNH:0
DA:5,0
DA:6,0
DA:7,0
LF:3
LH:0
end_of_record
TN:
SF:/home/sound/pid_controller/libs/lib1/src.cpp
FN:1,_Z12my_function1i
FNDA:2,_Z12my_function1i
FNF:1
FNH:1
DA:1,2
DA:3,2
LF:2
LH:2
end_of_record
